#
# A fatal error has been detected by the Java Runtime Environment:
#
#  SIGSEGV (0xb) at pc=0x0000000105132754, pid=40787, tid=0x0000000000000e03
#
# JRE version: Java(TM) SE Runtime Environment (8.0_271-b09) (build 1.8.0_271-b09)
# Java VM: Java HotSpot(TM) 64-Bit Server VM (25.271-b09 mixed mode bsd-amd64 compressed oops)
# Problematic frame:
# V  [libjvm.dylib+0x332754]  oopDesc* JNIHandles::resolve_jweak<false>(_jobject*)+0x6
#
# Failed to write core dump. Core dumps have been disabled. To enable core dumping, try "ulimit -c unlimited" before starting Java again
#
# If you would like to submit a bug report, please visit:
#   http://bugreport.java.com/bugreport/crash.jsp
#

---------------  T H R E A D  ---------------

Current thread (0x00007fb92e009800):  JavaThread "main" [_thread_in_vm, id=3587, stack(0x0000700007590000,0x0000700007690000)]

siginfo: si_signo: 11 (SIGSEGV), si_code: 1 (SEGV_MAPERR), si_addr: 0x0000000000000002

Registers:
RAX=0x0000000000000000, RBX=0x00007fb92e009800, RCX=0x00000001050fd508, RDX=0x0000000000000003
RSP=0x000070000768f790, RBP=0x000070000768f7a0, RSI=0x0000000000000003, RDI=0x0000000000000003
R8 =0x000000010ae7e0c0, R9 =0x0000000105528c00, R10=0x0000000112c1f69b, R11=0x00000001052eefe1
R12=0x0000000000000000, R13=0x000000010ae7e0c0, R14=0x00007fb92e0099f8, R15=0x0000000000000003
RIP=0x0000000105132754, EFLAGS=0x0000000000010202, ERR=0x0000000000000004
  TRAPNO=0x000000000000000e

Top of Stack: (sp=0x000070000768f790)
0x000070000768f790:   0000000000000000 00007fb92e009800
0x000070000768f7a0:   000070000768f800 00000001050fd604
0x000070000768f7b0:   000000010ae7e0c0 00007fb92e009800
0x000070000768f7c0:   0000000000000000 000000010524eea1
0x000070000768f7d0:   0000000000000157 00007fb92e009800
0x000070000768f7e0:   00007fb92e009800 000000010ae7e0c0
0x000070000768f7f0:   000070000768f900 00007fb92e009800
0x000070000768f800:   000070000768f820 000000010d0feb57
0x000070000768f810:   0000000000000003 00007fb92e0099f8
0x000070000768f820:   000070000768f890 000000010d0fe9e1
0x000070000768f830:   00007fb92e009800 00007fb92e009800
0x000070000768f840:   000000010ae7e0c0 00007fb92e009800
0x000070000768f850:   000000010ae7e0c0 000000010ae7ecf8
0x000070000768f860:   000000010ae7e0c0 0000000000000000
0x000070000768f870:   000070000768f900 0000000000000003
0x000070000768f880:   000070000768f8f8 00007fb92e0099f8
0x000070000768f890:   000070000768f8e8 0000000112c1f6c7
0x000070000768f8a0:   0000000112c1f3e2 000070000768f8a8
0x000070000768f8b0:   000000010ae7e0c0 000070000768f900
0x000070000768f8c0:   000000010ae7e300 0000000000000000
0x000070000768f8d0:   000000010ae7e0c0 0000000000000000
0x000070000768f8e0:   000070000768f908 000070000768f950
0x000070000768f8f0:   0000000112c0edd0 00000007956c56a0
0x000070000768f900:   0000000112c18d17 000000079581c6a8
0x000070000768f910:   000070000768f910 000000010ae7e96d
0x000070000768f920:   000070000768f960 000000010ae7eb20
0x000070000768f930:   0000000000000000 000000010ae7e988
0x000070000768f940:   000070000768f908 000070000768f960
0x000070000768f950:   000070000768f9a8 0000000112c0f2bd
0x000070000768f960:   000000079581c6a8 000070000768f968
0x000070000768f970:   000000010ae7e639 000070000768f9b8
0x000070000768f980:   000000010ae7ebb0 0000000000000000 

Instructions: (pc=0x0000000105132754)
0x0000000105132734:   00 74 0d 48 85 db 74 08 48 89 df e8 e2 8a f2 ff
0x0000000105132744:   48 89 d8 48 83 c4 08 5b 5d c3 55 48 89 e5 53 50
0x0000000105132754:   48 8b 5f ff 48 85 db 74 15 48 8d 05 f8 d1 3e 00
0x0000000105132764:   8a 00 84 c0 74 08 48 89 df e8 b4 8a f2 ff 48 89 

Register to memory mapping:

RAX=0x0000000000000000 is an unknown value
RBX=0x00007fb92e009800 is a thread
RCX=0x00000001050fd508: jni_GetObjectClass+0 in /Library/Java/JavaVirtualMachines/jdk1.8.0_271.jdk/Contents/Home/jre/lib/server/libjvm.dylib at 0x0000000104e00000
RDX=0x0000000000000003 is an unknown value
RSP=0x000070000768f790 is pointing into the stack for thread: 0x00007fb92e009800
RBP=0x000070000768f7a0 is pointing into the stack for thread: 0x00007fb92e009800
RSI=0x0000000000000003 is an unknown value
RDI=0x0000000000000003 is an unknown value
R8 ={method} {0x000000010ae7e0c0} 'eyer_gb_sipserver_passive_callback_init' '()J' in 'com/zzsin/eyer/gb28181/CInterface'
R9 =0x0000000105528c00: _ZN2os16_processor_countE+0 in /Library/Java/JavaVirtualMachines/jdk1.8.0_271.jdk/Contents/Home/jre/lib/server/libjvm.dylib at 0x0000000104e00000
R10=0x0000000112c1f69b is at code_begin+859 in an Interpreter codelet
method entry point (kind = native)  [0x0000000112c1f340, 0x0000000112c1fcc0]  2432 bytes
R11=0x00000001052eefe1: throw_unsatisfied_link_error+0 in /Library/Java/JavaVirtualMachines/jdk1.8.0_271.jdk/Contents/Home/jre/lib/server/libjvm.dylib at 0x0000000104e00000
R12=0x0000000000000000 is an unknown value
R13={method} {0x000000010ae7e0c0} 'eyer_gb_sipserver_passive_callback_init' '()J' in 'com/zzsin/eyer/gb28181/CInterface'
R14=0x00007fb92e0099f8 is an unknown value
R15=0x0000000000000003 is an unknown value


Stack: [0x0000700007590000,0x0000700007690000],  sp=0x000070000768f790,  free space=1021k
Native frames: (J=compiled Java code, j=interpreted, Vv=VM code, C=native code)
V  [libjvm.dylib+0x332754]  oopDesc* JNIHandles::resolve_jweak<false>(_jobject*)+0x6
V  [libjvm.dylib+0x2fd604]  jni_GetObjectClass+0xfc
C  [libEyerGB28181Jni.dylib+0x3b57]  JNIEnv_::GetObjectClass(_jobject*)+0x27
C  [libEyerGB28181Jni.dylib+0x39e1]  Java_com_zzsin_eyer_gb28181_CInterface_eyer_1gb_1sipserver_1passive_1callback_1init+0x21
j  com.zzsin.eyer.gb28181.CInterface.eyer_gb_sipserver_passive_callback_init()J+0
j  com.zzsin.eyer.gb28181.SIPPassiveCallback.<init>()V+5
j  com.zzsin.eyer.demo.DemoSIPPassiveCallback.<init>()V+1
j  com.zzsin.eyer.demo.Main.main([Ljava/lang/String;)V+13
v  ~StubRoutines::call_stub
V  [libjvm.dylib+0x2d4795]  JavaCalls::call_helper(JavaValue*, methodHandle*, JavaCallArguments*, Thread*)+0x771
V  [libjvm.dylib+0x30582b]  jni_invoke_static(JNIEnv_*, JavaValue*, _jobject*, JNICallType, _jmethodID*, JNI_ArgumentPusher*, Thread*)+0x279
V  [libjvm.dylib+0x308edb]  jni_CallStaticVoidMethod+0x1f6
C  [java+0x316c]  JavaMain+0x9dc
C  [libsystem_pthread.dylib+0x6109]  _pthread_start+0x94
C  [libsystem_pthread.dylib+0x1b8b]  thread_start+0xf
C  0x0000000000000000

Java frames: (J=compiled Java code, j=interpreted, Vv=VM code)
j  com.zzsin.eyer.gb28181.CInterface.eyer_gb_sipserver_passive_callback_init()J+0
j  com.zzsin.eyer.gb28181.SIPPassiveCallback.<init>()V+5
j  com.zzsin.eyer.demo.DemoSIPPassiveCallback.<init>()V+1
j  com.zzsin.eyer.demo.Main.main([Ljava/lang/String;)V+13
v  ~StubRoutines::call_stub

---------------  P R O C E S S  ---------------

Java Threads: ( => current thread )
  0x00007fb92d068000 JavaThread "Service Thread" daemon [_thread_blocked, id=17411, stack(0x00007000083bd000,0x00007000084bd000)]
  0x00007fb92d8c3000 JavaThread "C1 CompilerThread2" daemon [_thread_blocked, id=17923, stack(0x00007000082ba000,0x00007000083ba000)]
  0x00007fb92d878000 JavaThread "C2 CompilerThread1" daemon [_thread_blocked, id=14083, stack(0x00007000081b7000,0x00007000082b7000)]
  0x00007fb92d067800 JavaThread "C2 CompilerThread0" daemon [_thread_blocked, id=13827, stack(0x00007000080b4000,0x00007000081b4000)]
  0x00007fb92d066000 JavaThread "Monitor Ctrl-Break" daemon [_thread_in_native, id=18435, stack(0x0000700007fb1000,0x00007000080b1000)]
  0x00007fb92e821000 JavaThread "Signal Dispatcher" daemon [_thread_blocked, id=18691, stack(0x0000700007eae000,0x0000700007fae000)]
  0x00007fb92d017000 JavaThread "Finalizer" daemon [_thread_blocked, id=11011, stack(0x0000700007ca5000,0x0000700007da5000)]
  0x00007fb92e016000 JavaThread "Reference Handler" daemon [_thread_blocked, id=20739, stack(0x0000700007ba2000,0x0000700007ca2000)]
=>0x00007fb92e009800 JavaThread "main" [_thread_in_vm, id=3587, stack(0x0000700007590000,0x0000700007690000)]

Other Threads:
  0x00007fb92e808800 VMThread [stack: 0x0000700007a9f000,0x0000700007b9f000] [id=21251]
  0x00007fb92d85c800 WatcherThread [stack: 0x00007000084c0000,0x00007000085c0000] [id=14595]

VM state:not at safepoint (normal execution)

VM Mutex/Monitor currently owned by a thread: None

heap address: 0x0000000740000000, size: 2048 MB, Compressed Oops mode: Zero based, Oop shift amount: 3
Narrow klass base: 0x0000000000000000, Narrow klass shift: 3
Compressed class space size: 1073741824 Address: 0x00000007c0000000

Heap:
 PSYoungGen      total 38400K, used 3336K [0x0000000795580000, 0x0000000798000000, 0x00000007c0000000)
  eden space 33280K, 10% used [0x0000000795580000,0x00000007958c2378,0x0000000797600000)
  from space 5120K, 0% used [0x0000000797b00000,0x0000000797b00000,0x0000000798000000)
  to   space 5120K, 0% used [0x0000000797600000,0x0000000797600000,0x0000000797b00000)
 ParOldGen       total 87552K, used 0K [0x0000000740000000, 0x0000000745580000, 0x0000000795580000)
  object space 87552K, 0% used [0x0000000740000000,0x0000000740000000,0x0000000745580000)
 Metaspace       used 3229K, capacity 4566K, committed 4864K, reserved 1056768K
  class space    used 357K, capacity 390K, committed 512K, reserved 1048576K

Card table byte_map: [0x0000000105fce000,0x00000001063cf000] byte_map_base: 0x00000001025ce000

Marking Bits: (ParMarkBitMap*) 0x0000000105529768
 Begin Bits: [0x000000010667a000, 0x000000010867a000)
 End Bits:   [0x000000010867a000, 0x000000010a67a000)

Polling page: 0x000000010454f000

CodeCache: size=245760Kb used=1173Kb max_used=1173Kb free=244586Kb
 bounds [0x0000000112c07000, 0x0000000112e77000, 0x0000000121c07000]
 total_blobs=299 nmethods=48 adapters=165
 compilation: enabled

Compilation events (10 events):
Event: 0.295 Thread 0x00007fb92d8c3000   44       1       java.net.URL::getRef (5 bytes)
Event: 0.295 Thread 0x00007fb92d8c3000 nmethod 44 0x0000000112d2b650 code [0x0000000112d2b7a0, 0x0000000112d2b8b0]
Event: 0.309 Thread 0x00007fb92d8c3000   45       3       java.lang.String::toCharArray (25 bytes)
Event: 0.309 Thread 0x00007fb92d8c3000 nmethod 45 0x0000000112d2b910 code [0x0000000112d2ba80, 0x0000000112d2bd08]
Event: 0.310 Thread 0x00007fb92d8c3000   46       1       java.net.URL::getQuery (5 bytes)
Event: 0.310 Thread 0x00007fb92d8c3000 nmethod 46 0x0000000112d2bdd0 code [0x0000000112d2bf20, 0x0000000112d2c030]
Event: 0.310 Thread 0x00007fb92d8c3000   47       3       java.lang.System::getSecurityManager (4 bytes)
Event: 0.311 Thread 0x00007fb92d8c3000 nmethod 47 0x0000000112d2c090 code [0x0000000112d2c1e0, 0x0000000112d2c330]
Event: 0.311 Thread 0x00007fb92d8c3000   48       1       java.lang.String::length (6 bytes)
Event: 0.311 Thread 0x00007fb92d8c3000 nmethod 48 0x0000000112d2c390 code [0x0000000112d2c4e0, 0x0000000112d2c5f0]

GC Heap History (0 events):
No events

Deoptimization events (0 events):
No events

Classes redefined (0 events):
No events

Internal exceptions (2 events):
Event: 0.053 Thread 0x00007fb92e009800 Exception <a 'java/lang/NoSuchMethodError': Method sun.misc.Unsafe.defineClass(Ljava/lang/String;[BII)Ljava/lang/Class; name or signature does not match> (0x0000000795587cc0) thrown at [/jenkins/workspace/8-2-build-macosx-x86_64/jdk8u271/605/hotspot/src/s
Event: 0.053 Thread 0x00007fb92e009800 Exception <a 'java/lang/NoSuchMethodError': Method sun.misc.Unsafe.prefetchRead(Ljava/lang/Object;J)V name or signature does not match> (0x0000000795587fa8) thrown at [/jenkins/workspace/8-2-build-macosx-x86_64/jdk8u271/605/hotspot/src/share/vm/prims/jni.

Events (10 events):
Event: 0.292 loading class java/net/Socket$2
Event: 0.292 loading class java/net/Socket$2 done
Event: 0.292 loading class java/net/SocketInputStream
Event: 0.293 loading class java/net/SocketInputStream done
Event: 0.294 loading class sun/nio/cs/US_ASCII$Decoder
Event: 0.294 loading class sun/nio/cs/US_ASCII$Decoder done
Event: 0.308 loading class com/zzsin/eyer/demo/DemoSIPPassiveCallback
Event: 0.308 loading class com/zzsin/eyer/demo/DemoSIPPassiveCallback done
Event: 0.310 loading class com/zzsin/eyer/gb28181/SIPPassiveCallback
Event: 0.310 loading class com/zzsin/eyer/gb28181/SIPPassiveCallback done


Dynamic libraries:
0x00007fff38e51000 	/System/Library/Frameworks/Cocoa.framework/Versions/A/Cocoa
0x00007fff46646000 	/System/Library/Frameworks/Security.framework/Versions/A/Security
0x00007fff37db6000 	/System/Library/Frameworks/ApplicationServices.framework/Versions/A/ApplicationServices
0x00007fff73169000 	/usr/lib/libz.1.dylib
0x00007fff70c2d000 	/usr/lib/libSystem.B.dylib
0x00007fff39cf3000 	/System/Library/Frameworks/CoreFoundation.framework/Versions/A/CoreFoundation
0x00007fff3c3b0000 	/System/Library/Frameworks/Foundation.framework/Versions/C/Foundation
0x00007fff72a8d000 	/usr/lib/libobjc.A.dylib
0x00007fff36fa6000 	/System/Library/Frameworks/AppKit.framework/Versions/C/AppKit
0x00007fff397d5000 	/System/Library/Frameworks/CoreData.framework/Versions/A/CoreData
0x00007fff6ac43000 	/System/Library/PrivateFrameworks/UIFoundation.framework/Versions/A/UIFoundation
0x00007fff65cd7000 	/System/Library/PrivateFrameworks/RemoteViewServices.framework/Versions/A/RemoteViewServices
0x00007fff6d79d000 	/System/Library/PrivateFrameworks/XCTTargetBootstrap.framework/Versions/A/XCTTargetBootstrap
0x00007fff39bc0000 	/System/Library/Frameworks/CoreDisplay.framework/Versions/A/CoreDisplay
0x00007fff3f26a000 	/System/Library/Frameworks/Metal.framework/Versions/A/Metal
0x00007fff53cda000 	/System/Library/PrivateFrameworks/DesktopServicesPriv.framework/Versions/A/DesktopServicesPriv
0x00007fff71d68000 	/usr/lib/liblangid.dylib
0x00007fff52f6f000 	/System/Library/PrivateFrameworks/CoreSVG.framework/Versions/A/CoreSVG
0x00007fff68e33000 	/System/Library/PrivateFrameworks/SkyLight.framework/Versions/A/SkyLight
0x00007fff3a174000 	/System/Library/Frameworks/CoreGraphics.framework/Versions/A/CoreGraphics
0x00007fff3597a000 	/System/Library/Frameworks/Accelerate.framework/Versions/A/Accelerate
0x00007fff7305a000 	/usr/lib/libxml2.2.dylib
0x00007fff5ec62000 	/System/Library/PrivateFrameworks/IconServices.framework/Versions/A/IconServices
0x00007fff3cb8f000 	/System/Library/Frameworks/IOSurface.framework/Versions/A/IOSurface
0x00007fff70757000 	/usr/lib/libDiagnosticMessagesClient.dylib
0x00007fff53b34000 	/System/Library/PrivateFrameworks/DFRFoundation.framework/Versions/A/DFRFoundation
0x00007fff71af7000 	/usr/lib/libicucore.A.dylib
0x00007fff380e8000 	/System/Library/Frameworks/AudioToolbox.framework/Versions/A/AudioToolbox
0x00007fff381cb000 	/System/Library/Frameworks/AudioUnit.framework/Versions/A/AudioUnit
0x00007fff70e2f000 	/usr/lib/libauto.dylib
0x00007fff53bd6000 	/System/Library/PrivateFrameworks/DataDetectorsCore.framework/Versions/A/DataDetectorsCore
0x00007fff38972000 	/System/Library/Frameworks/Carbon.framework/Versions/A/Frameworks/HIToolbox.framework/Versions/A/HIToolbox
0x00007fff45842000 	/System/Library/Frameworks/QuartzCore.framework/Versions/A/QuartzCore
0x00007fff38cb1000 	/System/Library/Frameworks/Carbon.framework/Versions/A/Frameworks/SpeechRecognition.framework/Versions/A/SpeechRecognition
0x00007fff53648000 	/System/Library/PrivateFrameworks/CoreUI.framework/Versions/A/CoreUI
0x00007fff39240000 	/System/Library/Frameworks/CoreAudio.framework/Versions/A/CoreAudio
0x00007fff3c06f000 	/System/Library/Frameworks/DiskArbitration.framework/Versions/A/DiskArbitration
0x00007fff60cb2000 	/System/Library/PrivateFrameworks/MultitouchSupport.framework/Versions/A/MultitouchSupport
0x00007fff719be000 	/usr/lib/libenergytrace.dylib
0x00007fff3cae9000 	/System/Library/Frameworks/IOKit.framework/Versions/A/IOKit
0x00007fff3b0db000 	/System/Library/Frameworks/CoreServices.framework/Versions/A/CoreServices
0x00007fff62e6a000 	/System/Library/PrivateFrameworks/PerformanceAnalysis.framework/Versions/A/PerformanceAnalysis
0x00007fff44875000 	/System/Library/Frameworks/OpenGL.framework/Versions/A/OpenGL
0x00007fff38e5f000 	/System/Library/Frameworks/ColorSync.framework/Versions/A/ColorSync
0x00007fff3a7f7000 	/System/Library/Frameworks/CoreImage.framework/Versions/A/CoreImage
0x00007fff3bb4e000 	/System/Library/Frameworks/CoreText.framework/Versions/A/CoreText
0x00007fff3cc1f000 	/System/Library/Frameworks/ImageIO.framework/Versions/A/ImageIO
0x00007fff70f13000 	/usr/lib/libc++.1.dylib
0x00007fff70f8f000 	/usr/lib/libcompression.dylib
0x00007fff70a9b000 	/usr/lib/libMobileGestalt.dylib
0x00007fff6a9ad000 	/System/Library/PrivateFrameworks/TextureIO.framework/Versions/A/TextureIO
0x00007fff70d92000 	/usr/lib/libate.dylib
0x00007fff5ee6b000 	/System/Library/PrivateFrameworks/InternationalSupport.framework/Versions/A/InternationalSupport
0x00007fff73a2a000 	/usr/lib/system/libcache.dylib
0x00007fff73a30000 	/usr/lib/system/libcommonCrypto.dylib
0x00007fff73a3c000 	/usr/lib/system/libcompiler_rt.dylib
0x00007fff73a44000 	/usr/lib/system/libcopyfile.dylib
0x00007fff73a4e000 	/usr/lib/system/libcorecrypto.dylib
0x00007fff73bed000 	/usr/lib/system/libdispatch.dylib
0x00007fff73c2e000 	/usr/lib/system/libdyld.dylib
0x00007fff73c65000 	/usr/lib/system/libkeymgr.dylib
0x00007fff73c73000 	/usr/lib/system/liblaunch.dylib
0x00007fff73c74000 	/usr/lib/system/libmacho.dylib
0x00007fff73c7a000 	/usr/lib/system/libquarantine.dylib
0x00007fff73c7d000 	/usr/lib/system/libremovefile.dylib
0x00007fff73c7f000 	/usr/lib/system/libsystem_asl.dylib
0x00007fff73c97000 	/usr/lib/system/libsystem_blocks.dylib
0x00007fff73c98000 	/usr/lib/system/libsystem_c.dylib
0x00007fff73d20000 	/usr/lib/system/libsystem_configuration.dylib
0x00007fff73d24000 	/usr/lib/system/libsystem_coreservices.dylib
0x00007fff73d28000 	/usr/lib/system/libsystem_darwin.dylib
0x00007fff73d31000 	/usr/lib/system/libsystem_dnssd.dylib
0x00007fff73d39000 	/usr/lib/system/libsystem_featureflags.dylib
0x00007fff73d3b000 	/usr/lib/system/libsystem_info.dylib
0x00007fff73db6000 	/usr/lib/system/libsystem_m.dylib
0x00007fff73dfe000 	/usr/lib/system/libsystem_malloc.dylib
0x00007fff73e26000 	/usr/lib/system/libsystem_networkextension.dylib
0x00007fff73e34000 	/usr/lib/system/libsystem_notify.dylib
0x00007fff73e52000 	/usr/lib/system/libsystem_sandbox.dylib
0x00007fff73e57000 	/usr/lib/system/libsystem_secinit.dylib
0x00007fff73d89000 	/usr/lib/system/libsystem_kernel.dylib
0x00007fff73e3e000 	/usr/lib/system/libsystem_platform.dylib
0x00007fff73e47000 	/usr/lib/system/libsystem_pthread.dylib
0x00007fff73e5a000 	/usr/lib/system/libsystem_symptoms.dylib
0x00007fff73e62000 	/usr/lib/system/libsystem_trace.dylib
0x00007fff73e7a000 	/usr/lib/system/libunwind.dylib
0x00007fff73e80000 	/usr/lib/system/libxpc.dylib
0x00007fff70f66000 	/usr/lib/libc++abi.dylib
0x00007fff71d6a000 	/usr/lib/liblzma.5.dylib
0x00007fff719e5000 	/usr/lib/libfakelink.dylib
0x00007fff70d1f000 	/usr/lib/libarchive.2.dylib
0x00007fff476f7000 	/System/Library/Frameworks/SystemConfiguration.framework/Versions/A/SystemConfiguration
0x00007fff7068a000 	/usr/lib/libCRFSuite.dylib
0x00007fff38562000 	/System/Library/Frameworks/CFNetwork.framework/Versions/A/CFNetwork
0x00007fff70ef5000 	/usr/lib/libbsm.0.dylib
0x00007fff73c66000 	/usr/lib/system/libkxld.dylib
0x00007fff4d4b1000 	/System/Library/PrivateFrameworks/AppleFSCompression.framework/Versions/A/AppleFSCompression
0x00007fff71280000 	/usr/lib/libcoretls.dylib
0x00007fff71297000 	/usr/lib/libcoretls_cfhelpers.dylib
0x00007fff72ad3000 	/usr/lib/libpam.2.dylib
0x00007fff72c08000 	/usr/lib/libsqlite3.dylib
0x00007fff73047000 	/usr/lib/libxar.1.dylib
0x00007fff70f06000 	/usr/lib/libbz2.1.0.dylib
0x00007fff71a06000 	/usr/lib/libiconv.2.dylib
0x00007fff70f7c000 	/usr/lib/libcharset.1.dylib
0x00007fff72570000 	/usr/lib/libnetwork.dylib
0x00007fff72ada000 	/usr/lib/libpcap.A.dylib
0x00007fff70cd4000 	/usr/lib/libapple_nghttp2.dylib
0x00007fff3b492000 	/System/Library/Frameworks/CoreServices.framework/Versions/A/Frameworks/FSEvents.framework/Versions/A/FSEvents
0x00007fff3b162000 	/System/Library/Frameworks/CoreServices.framework/Versions/A/Frameworks/CarbonCore.framework/Versions/A/CarbonCore
0x00007fff3b6d6000 	/System/Library/Frameworks/CoreServices.framework/Versions/A/Frameworks/Metadata.framework/Versions/A/Metadata
0x00007fff3b76f000 	/System/Library/Frameworks/CoreServices.framework/Versions/A/Frameworks/OSServices.framework/Versions/A/OSServices
0x00007fff3b79d000 	/System/Library/Frameworks/CoreServices.framework/Versions/A/Frameworks/SearchKit.framework/Versions/A/SearchKit
0x00007fff3b0dc000 	/System/Library/Frameworks/CoreServices.framework/Versions/A/Frameworks/AE.framework/Versions/A/AE
0x00007fff3b49b000 	/System/Library/Frameworks/CoreServices.framework/Versions/A/Frameworks/LaunchServices.framework/Versions/A/LaunchServices
0x00007fff3b444000 	/System/Library/Frameworks/CoreServices.framework/Versions/A/Frameworks/DictionaryServices.framework/Versions/A/DictionaryServices
0x00007fff3b805000 	/System/Library/Frameworks/CoreServices.framework/Versions/A/Frameworks/SharedFileList.framework/Versions/A/SharedFileList
0x00007fff40694000 	/System/Library/Frameworks/NetFS.framework/Versions/A/NetFS
0x00007fff611e2000 	/System/Library/PrivateFrameworks/NetAuth.framework/Versions/A/NetAuth
0x00007fff6db6a000 	/System/Library/PrivateFrameworks/login.framework/Versions/A/Frameworks/loginsupport.framework/Versions/A/loginsupport
0x00007fff6a478000 	/System/Library/PrivateFrameworks/TCC.framework/Versions/A/TCC
0x00007fff520e2000 	/System/Library/PrivateFrameworks/CoreNLP.framework/Versions/A/CoreNLP
0x00007fff606df000 	/System/Library/PrivateFrameworks/MetadataUtilities.framework/Versions/A/MetadataUtilities
0x00007fff71e42000 	/usr/lib/libmecabra.dylib
0x00007fff71d9a000 	/usr/lib/libmecab.dylib
0x00007fff719f6000 	/usr/lib/libgermantok.dylib
0x00007fff70cbb000 	/usr/lib/libThaiTokenizer.dylib
0x00007fff706c1000 	/usr/lib/libChineseTokenizer.dylib
0x00007fff35992000 	/System/Library/Frameworks/Accelerate.framework/Versions/A/Frameworks/vImage.framework/Versions/A/vImage
0x00007fff36dfc000 	/System/Library/Frameworks/Accelerate.framework/Versions/A/Frameworks/vecLib.framework/Versions/A/vecLib
0x00007fff36d39000 	/System/Library/Frameworks/Accelerate.framework/Versions/A/Frameworks/vecLib.framework/Versions/A/libvMisc.dylib
0x00007fff36b61000 	/System/Library/Frameworks/Accelerate.framework/Versions/A/Frameworks/vecLib.framework/Versions/A/libvDSP.dylib
0x00007fff35fe9000 	/System/Library/Frameworks/Accelerate.framework/Versions/A/Frameworks/vecLib.framework/Versions/A/libBLAS.dylib
0x00007fff36725000 	/System/Library/Frameworks/Accelerate.framework/Versions/A/Frameworks/vecLib.framework/Versions/A/libLAPACK.dylib
0x00007fff36ac1000 	/System/Library/Frameworks/Accelerate.framework/Versions/A/Frameworks/vecLib.framework/Versions/A/libLinearAlgebra.dylib
0x00007fff36b4e000 	/System/Library/Frameworks/Accelerate.framework/Versions/A/Frameworks/vecLib.framework/Versions/A/libSparseBLAS.dylib
0x00007fff36ad7000 	/System/Library/Frameworks/Accelerate.framework/Versions/A/Frameworks/vecLib.framework/Versions/A/libQuadrature.dylib
0x00007fff36251000 	/System/Library/Frameworks/Accelerate.framework/Versions/A/Frameworks/vecLib.framework/Versions/A/libBNNS.dylib
0x00007fff36add000 	/System/Library/Frameworks/Accelerate.framework/Versions/A/Frameworks/vecLib.framework/Versions/A/libSparse.dylib
0x00007fff5f253000 	/System/Library/PrivateFrameworks/LanguageModeling.framework/Versions/A/LanguageModeling
0x00007fff51a92000 	/System/Library/PrivateFrameworks/CoreEmoji.framework/Versions/A/CoreEmoji
0x00007fff5f371000 	/System/Library/PrivateFrameworks/LinguisticData.framework/Versions/A/LinguisticData
0x00007fff5f322000 	/System/Library/PrivateFrameworks/Lexicon.framework/Versions/A/Lexicon
0x00007fff70f7d000 	/usr/lib/libcmph.dylib
0x00007fff43283000 	/System/Library/Frameworks/OpenDirectory.framework/Versions/A/Frameworks/CFOpenDirectory.framework/Versions/A/CFOpenDirectory
0x00007fff432a0000 	/System/Library/Frameworks/OpenDirectory.framework/Versions/A/OpenDirectory
0x00007fff4b6e1000 	/System/Library/PrivateFrameworks/APFS.framework/Versions/A/APFS
0x00007fff46990000 	/System/Library/Frameworks/SecurityFoundation.framework/Versions/A/SecurityFoundation
0x00007fff73043000 	/usr/lib/libutil.dylib
0x00007fff52fc7000 	/System/Library/PrivateFrameworks/CoreServicesStore.framework/Versions/A/CoreServicesStore
0x00007fff46a47000 	/System/Library/Frameworks/ServiceManagement.framework/Versions/A/ServiceManagement
0x00007fff4ec81000 	/System/Library/PrivateFrameworks/BackgroundTaskManagement.framework/Versions/A/BackgroundTaskManagement
0x00007fff73140000 	/usr/lib/libxslt.1.dylib
0x00007fff4db24000 	/System/Library/PrivateFrameworks/AppleSystemInfo.framework/Versions/A/AppleSystemInfo
0x00007fff3ce3a000 	/System/Library/Frameworks/ImageIO.framework/Versions/A/Resources/libJPEG.dylib
0x00007fff3d0f8000 	/System/Library/Frameworks/ImageIO.framework/Versions/A/Resources/libTIFF.dylib
0x00007fff3d0db000 	/System/Library/Frameworks/ImageIO.framework/Versions/A/Resources/libPng.dylib
0x00007fff3cd7c000 	/System/Library/Frameworks/ImageIO.framework/Versions/A/Resources/libGIF.dylib
0x00007fff3cd80000 	/System/Library/Frameworks/ImageIO.framework/Versions/A/Resources/libJP2.dylib
0x00007fff3d0f6000 	/System/Library/Frameworks/ImageIO.framework/Versions/A/Resources/libRadiance.dylib
0x00007fff719bf000 	/usr/lib/libexpat.1.dylib
0x00007fff4d60c000 	/System/Library/PrivateFrameworks/AppleJPEG.framework/Versions/A/AppleJPEG
0x00007fff562c7000 	/System/Library/PrivateFrameworks/FontServices.framework/libFontParser.dylib
0x00007fff6cb6c000 	/System/Library/PrivateFrameworks/WatchdogClient.framework/Versions/A/WatchdogClient
0x00007fff5e8ae000 	/System/Library/PrivateFrameworks/IOAccelerator.framework/Versions/A/IOAccelerator
0x00007fff3f605000 	/System/Library/Frameworks/MetalPerformanceShaders.framework/Versions/A/MetalPerformanceShaders
0x00007fff5b044000 	/System/Library/PrivateFrameworks/GPUWrangler.framework/Versions/A/GPUWrangler
0x00007fff5e8c3000 	/System/Library/PrivateFrameworks/IOPresentment.framework/Versions/A/IOPresentment
0x00007fff53b47000 	/System/Library/PrivateFrameworks/DSExternalDisplay.framework/Versions/A/DSExternalDisplay
0x00007fff43c14000 	/System/Library/Frameworks/OpenGL.framework/Versions/A/Libraries/libCoreFSCache.dylib
0x00007fff3f351000 	/System/Library/Frameworks/MetalPerformanceShaders.framework/Frameworks/MPSCore.framework/Versions/A/MPSCore
0x00007fff3f38f000 	/System/Library/Frameworks/MetalPerformanceShaders.framework/Frameworks/MPSImage.framework/Versions/A/MPSImage
0x00007fff3f456000 	/System/Library/Frameworks/MetalPerformanceShaders.framework/Frameworks/MPSNeuralNetwork.framework/Versions/A/MPSNeuralNetwork
0x00007fff3f41a000 	/System/Library/Frameworks/MetalPerformanceShaders.framework/Frameworks/MPSMatrix.framework/Versions/A/MPSMatrix
0x00007fff3f5b5000 	/System/Library/Frameworks/MetalPerformanceShaders.framework/Frameworks/MPSRayIntersector.framework/Versions/A/MPSRayIntersector
0x00007fff3f440000 	/System/Library/Frameworks/MetalPerformanceShaders.framework/Frameworks/MPSNDArray.framework/Versions/A/MPSNDArray
0x00007fff6072c000 	/System/Library/PrivateFrameworks/MetalTools.framework/Versions/A/MetalTools
0x00007fff4c8bb000 	/System/Library/PrivateFrameworks/AggregateDictionary.framework/Versions/A/AggregateDictionary
0x00007fff514da000 	/System/Library/PrivateFrameworks/CoreAnalytics.framework/Versions/A/CoreAnalytics
0x00007fff4da43000 	/System/Library/PrivateFrameworks/AppleSauce.framework/Versions/A/AppleSauce
0x00007fff7097d000 	/usr/lib/libIOReport.dylib
0x00007fff3bd06000 	/System/Library/Frameworks/CoreVideo.framework/Versions/A/CoreVideo
0x00007fff5c4bd000 	/System/Library/PrivateFrameworks/GraphVisualizer.framework/Versions/A/GraphVisualizer
0x00007fff5580d000 	/System/Library/PrivateFrameworks/FaceCore.framework/Versions/A/FaceCore
0x00007fff4322a000 	/System/Library/Frameworks/OpenCL.framework/Versions/A/OpenCL
0x00007fff7079f000 	/usr/lib/libFosl_dynamic.dylib
0x00007fff61c02000 	/System/Library/PrivateFrameworks/OTSVG.framework/Versions/A/OTSVG
0x00007fff37ebb000 	/System/Library/Frameworks/ApplicationServices.framework/Versions/A/Frameworks/ATS.framework/Versions/A/Resources/libFontRegistry.dylib
0x00007fff56498000 	/System/Library/PrivateFrameworks/FontServices.framework/libhvf.dylib
0x00007fff43c1f000 	/System/Library/Frameworks/OpenGL.framework/Versions/A/Libraries/libGFXShared.dylib
0x00007fff43dfd000 	/System/Library/Frameworks/OpenGL.framework/Versions/A/Libraries/libGLU.dylib
0x00007fff43c28000 	/System/Library/Frameworks/OpenGL.framework/Versions/A/Libraries/libGL.dylib
0x00007fff43c33000 	/System/Library/Frameworks/OpenGL.framework/Versions/A/Libraries/libGLImage.dylib
0x00007fff43c11000 	/System/Library/Frameworks/OpenGL.framework/Versions/A/Libraries/libCVMSPluginSupport.dylib
0x00007fff43c1a000 	/System/Library/Frameworks/OpenGL.framework/Versions/A/Libraries/libCoreVMClient.dylib
0x00007fff72411000 	/usr/lib/libncurses.5.4.dylib
0x00007fff37db7000 	/System/Library/Frameworks/ApplicationServices.framework/Versions/A/Frameworks/ATS.framework/Versions/A/ATS
0x00007fff37f84000 	/System/Library/Frameworks/ApplicationServices.framework/Versions/A/Frameworks/ColorSyncLegacy.framework/Versions/A/ColorSyncLegacy
0x00007fff38022000 	/System/Library/Frameworks/ApplicationServices.framework/Versions/A/Frameworks/HIServices.framework/Versions/A/HIServices
0x00007fff3807a000 	/System/Library/Frameworks/ApplicationServices.framework/Versions/A/Frameworks/LangAnalysis.framework/Versions/A/LangAnalysis
0x00007fff38089000 	/System/Library/Frameworks/ApplicationServices.framework/Versions/A/Frameworks/PrintCore.framework/Versions/A/PrintCore
0x00007fff380cf000 	/System/Library/Frameworks/ApplicationServices.framework/Versions/A/Frameworks/QD.framework/Versions/A/QD
0x00007fff380da000 	/System/Library/Frameworks/ApplicationServices.framework/Versions/A/Frameworks/SpeechSynthesis.framework/Versions/A/SpeechSynthesis
0x00007fff37f54000 	/System/Library/Frameworks/ApplicationServices.framework/Versions/A/Frameworks/ATSUI.framework/Versions/A/ATSUI
0x00007fff71855000 	/usr/lib/libcups.2.dylib
0x00007fff3e6a0000 	/System/Library/Frameworks/Kerberos.framework/Versions/A/Kerberos
0x00007fff3c7e2000 	/System/Library/Frameworks/GSS.framework/Versions/A/GSS
0x00007fff72b94000 	/usr/lib/libresolv.9.dylib
0x00007fff5c66a000 	/System/Library/PrivateFrameworks/Heimdal.framework/Versions/A/Heimdal
0x00007fff3e6b3000 	/System/Library/Frameworks/Kerberos.framework/Versions/A/Libraries/libHeimdalProxy.dylib
0x00007fff719fc000 	/usr/lib/libheimdal-asn1.dylib
0x00007fff50972000 	/System/Library/PrivateFrameworks/CommonAuth.framework/Versions/A/CommonAuth
0x00007fff4dbc1000 	/System/Library/PrivateFrameworks/AssertionServices.framework/Versions/A/AssertionServices
0x00007fff4e764000 	/System/Library/PrivateFrameworks/AudioToolboxCore.framework/Versions/A/AudioToolboxCore
0x00007fff6d81a000 	/System/Library/PrivateFrameworks/caulk.framework/Versions/A/caulk
0x00007fff4ed2d000 	/System/Library/PrivateFrameworks/BaseBoard.framework/Versions/A/BaseBoard
0x00007fff65e65000 	/System/Library/PrivateFrameworks/RunningBoardServices.framework/Versions/A/RunningBoardServices
0x00007fff62e76000 	/System/Library/PrivateFrameworks/PersistentConnection.framework/Versions/A/PersistentConnection
0x00007fff6585e000 	/System/Library/PrivateFrameworks/ProtocolBuffer.framework/Versions/A/ProtocolBuffer
0x00007fff50996000 	/System/Library/PrivateFrameworks/CommonUtilities.framework/Versions/A/CommonUtilities
0x00007fff4eebb000 	/System/Library/PrivateFrameworks/Bom.framework/Versions/A/Bom
0x00007fff70650000 	/usr/lib/libAudioToolboxUtility.dylib
0x00007fff4ec8b000 	/System/Library/PrivateFrameworks/Backup.framework/Versions/A/Backup
0x00007fff53a68000 	/System/Library/PrivateFrameworks/CrashReporterSupport.framework/Versions/A/CrashReporterSupport
0x00007fff678f7000 	/System/Library/PrivateFrameworks/Sharing.framework/Versions/A/Sharing
0x00007fff4d1cf000 	/System/Library/PrivateFrameworks/Apple80211.framework/Versions/A/Apple80211
0x00007fff4e9a8000 	/System/Library/PrivateFrameworks/AuthKit.framework/Versions/A/AuthKit
0x00007fff53775000 	/System/Library/PrivateFrameworks/CoreUtils.framework/Versions/A/CoreUtils
0x00007fff3bd4b000 	/System/Library/Frameworks/CoreWLAN.framework/Versions/A/CoreWLAN
0x00007fff3c96f000 	/System/Library/Frameworks/IOBluetooth.framework/Versions/A/IOBluetooth
0x00007fff60a31000 	/System/Library/PrivateFrameworks/MobileKeyBag.framework/Versions/A/MobileKeyBag
0x00007fff5257a000 	/System/Library/PrivateFrameworks/CorePhoneNumbers.framework/Versions/A/CorePhoneNumbers
0x00007fff4d5bf000 	/System/Library/PrivateFrameworks/AppleIDAuthSupport.framework/Versions/A/AppleIDAuthSupport
0x00007fff406a1000 	/System/Library/Frameworks/Network.framework/Versions/A/Network
0x00007fff5f0ff000 	/System/Library/PrivateFrameworks/KeychainCircle.framework/Versions/A/KeychainCircle
0x00007fff3979c000 	/System/Library/Frameworks/CoreBluetooth.framework/Versions/A/CoreBluetooth
0x00007fff69976000 	/System/Library/PrivateFrameworks/SpeechRecognitionCore.framework/Versions/A/SpeechRecognitionCore
0x0000000104e00000 	/Library/Java/JavaVirtualMachines/jdk1.8.0_271.jdk/Contents/Home/jre/lib/server/libjvm.dylib
0x000000010450b000 	/Library/Java/JavaVirtualMachines/jdk1.8.0_271.jdk/Contents/Home/jre/lib/libverify.dylib
0x000000010451c000 	/Library/Java/JavaVirtualMachines/jdk1.8.0_271.jdk/Contents/Home/jre/lib/libjava.dylib
0x0000000104550000 	/Library/Java/JavaVirtualMachines/jdk1.8.0_271.jdk/Contents/Home/jre/lib/libinstrument.dylib
0x00000001045bf000 	/Library/Java/JavaVirtualMachines/jdk1.8.0_271.jdk/Contents/Home/jre/lib/libzip.dylib
0x000000010d0e1000 	/Library/Java/JavaVirtualMachines/jdk1.8.0_271.jdk/Contents/Home/jre/lib/libnet.dylib
0x000000010d0fb000 	/Users/yuqiaomiao/GitHub/EyerGB28181/EyerGB28181/cmake-build-debug/EyerGB28181Jni/libEyerGB28181Jni.dylib

VM Arguments:
jvm_args: -javaagent:/Applications/IntelliJ IDEA CE.app/Contents/lib/idea_rt.jar=49642:/Applications/IntelliJ IDEA CE.app/Contents/bin -Dfile.encoding=UTF-8 
java_command: com.zzsin.eyer.demo.Main
java_class_path (initial): /Library/Java/JavaVirtualMachines/jdk1.8.0_271.jdk/Contents/Home/jre/lib/charsets.jar:/Library/Java/JavaVirtualMachines/jdk1.8.0_271.jdk/Contents/Home/jre/lib/deploy.jar:/Library/Java/JavaVirtualMachines/jdk1.8.0_271.jdk/Contents/Home/jre/lib/ext/cldrdata.jar:/Library/Java/JavaVirtualMachines/jdk1.8.0_271.jdk/Contents/Home/jre/lib/ext/dnsns.jar:/Library/Java/JavaVirtualMachines/jdk1.8.0_271.jdk/Contents/Home/jre/lib/ext/jaccess.jar:/Library/Java/JavaVirtualMachines/jdk1.8.0_271.jdk/Contents/Home/jre/lib/ext/jfxrt.jar:/Library/Java/JavaVirtualMachines/jdk1.8.0_271.jdk/Contents/Home/jre/lib/ext/localedata.jar:/Library/Java/JavaVirtualMachines/jdk1.8.0_271.jdk/Contents/Home/jre/lib/ext/nashorn.jar:/Library/Java/JavaVirtualMachines/jdk1.8.0_271.jdk/Contents/Home/jre/lib/ext/sunec.jar:/Library/Java/JavaVirtualMachines/jdk1.8.0_271.jdk/Contents/Home/jre/lib/ext/sunjce_provider.jar:/Library/Java/JavaVirtualMachines/jdk1.8.0_271.jdk/Contents/Home/jre/lib/ext/sunpkcs11.jar:/Library/Java/JavaVirtualMachines/jdk1.8.0_271.jdk/Contents/Home/jre/lib/ext/zipfs.jar:/Library/Java/JavaVirtualMachines/jdk1.8.0_271.jdk/Contents/Home/jre/lib/javaws.jar:/Library/Java/JavaVirtualMachines/jdk1.8.0_271.jdk/Contents/Home/jre/lib/jce.jar:/Library/Java/JavaVirtualMachines/jdk1.8.0_271.jdk/Contents/Home/jre/lib/jfr.jar:/Library/Java/JavaVirtualMachines/jdk1.8.0_271.jdk/Contents/Home/jre/lib/jfxswt.jar:/Library/Java/JavaVirtualMachines/jdk1.8.0_271.jdk/Contents/Home/jre/lib/jsse.jar:/Library/Java/JavaVirtualMachines/jdk1.8.0_271.jdk/Contents/Home/jre/lib/management-agent.jar:/Library/Java/JavaVirtualMachines/jdk1.8.0_271.jdk/Contents/Home/jre/lib/plugin.jar:/Library/Java/JavaVirtualMachines/jdk1.8.0_271.jdk/Contents/Home/jre/lib/resources.jar:/Library/Java/JavaVirtualMachines/jdk1.8.0_271.jdk/Contents/Home/jre/lib/rt.jar:/Library/Java/JavaVirtualMachines/jdk1.8.0_271.jdk/Contents/Home/lib/ant-javafx.jar:/Library/Java/JavaVirtualMachines/jdk1.8.0_271.jdk/Contents/Home
Launcher Type: SUN_STANDARD

Environment Variables:
PATH=/usr/local/bin:/usr/bin:/bin:/usr/sbin:/sbin:/Library/Apple/usr/bin:/Applications/Wireshark.app/Contents/MacOS
SHELL=/bin/zsh

Signal Handlers:
SIGSEGV: [libjvm.dylib+0x5a0dcb], sa_mask[0]=11111111011111110111111111111111, sa_flags=SA_ONSTACK|SA_RESTART|SA_SIGINFO
SIGBUS: [libjvm.dylib+0x5a0dcb], sa_mask[0]=11111111011111110111111111111111, sa_flags=SA_RESTART|SA_SIGINFO
SIGFPE: [libjvm.dylib+0x491731], sa_mask[0]=11111111011111110111111111111111, sa_flags=SA_RESTART|SA_SIGINFO
SIGPIPE: [libjvm.dylib+0x491731], sa_mask[0]=11111111011111110111111111111111, sa_flags=SA_RESTART|SA_SIGINFO
SIGXFSZ: [libjvm.dylib+0x491731], sa_mask[0]=11111111011111110111111111111111, sa_flags=SA_RESTART|SA_SIGINFO
SIGILL: [libjvm.dylib+0x491731], sa_mask[0]=11111111011111110111111111111111, sa_flags=SA_RESTART|SA_SIGINFO
SIGUSR1: SIG_DFL, sa_mask[0]=00000000000000000000000000000000, sa_flags=none
SIGUSR2: [libjvm.dylib+0x49202a], sa_mask[0]=00100000000000000000000000000000, sa_flags=SA_RESTART|SA_SIGINFO
SIGHUP: [libjvm.dylib+0x490239], sa_mask[0]=11111111011111110111111111111111, sa_flags=SA_RESTART|SA_SIGINFO
SIGINT: [libjvm.dylib+0x490239], sa_mask[0]=11111111011111110111111111111111, sa_flags=SA_RESTART|SA_SIGINFO
SIGTERM: [libjvm.dylib+0x490239], sa_mask[0]=11111111011111110111111111111111, sa_flags=SA_RESTART|SA_SIGINFO
SIGQUIT: [libjvm.dylib+0x490239], sa_mask[0]=11111111011111110111111111111111, sa_flags=SA_RESTART|SA_SIGINFO


---------------  S Y S T E M  ---------------

OS:Bsduname:Darwin 19.6.0 Darwin Kernel Version 19.6.0: Thu Jun 18 20:49:00 PDT 2020; root:xnu-6153.141.1~1/RELEASE_X86_64 x86_64
rlimit: STACK 8192k, CORE 0k, NPROC 1392, NOFILE 10240, AS infinity
load average:2.66 4.40 4.39

CPU:total 4 (initial active 4) (2 cores per cpu, 2 threads per core) family 6 model 61 stepping 4, cmov, cx8, fxsr, mmx, sse, sse2, sse3, ssse3, sse4.1, sse4.2, popcnt, avx, avx2, aes, clmul, erms, 3dnowpref, lzcnt, ht, tsc, tscinvbit, bmi1, bmi2, adx

Memory: 4k page, physical 8388608k(172864k free)

/proc/meminfo:


vm_info: Java HotSpot(TM) 64-Bit Server VM (25.271-b09) for bsd-amd64 JRE (1.8.0_271-b09), built on Sep 16 2020 16:54:38 by "java_re" with gcc 4.2.1 Compatible Apple LLVM 10.0.0 (clang-1000.11.45.5)

time: Sun Dec 13 21:46:36 2020
timezone: CST
elapsed time: 0.333922 seconds (0d 0h 0m 0s)

